18-Dec-2024 15:25:13.219 INFO [main] org.apache.catalina.core.ApplicationContext.log ContextListener: contextInitialized()
18-Dec-2024 15:25:13.219 INFO [main] org.apache.catalina.core.ApplicationContext.log SessionListener: contextInitialized()
18-Dec-2024 15:25:13.227 INFO [main] org.apache.catalina.core.ApplicationContext.log ContextListener: attributeAdded('StockTicker', 'async.Stockticker@11acdc30')
18-Dec-2024 15:40:54.368 INFO [Thread-1] org.apache.catalina.core.ApplicationContext.log SessionListener: contextDestroyed()
18-Dec-2024 15:40:54.368 INFO [Thread-1] org.apache.catalina.core.ApplicationContext.log ContextListener: contextDestroyed()
18-Dec-2024 15:41:30.074 INFO [main] org.apache.catalina.core.ApplicationContext.log ContextListener: contextInitialized()
18-Dec-2024 15:41:30.076 INFO [main] org.apache.catalina.core.ApplicationContext.log SessionListener: contextInitialized()
18-Dec-2024 15:41:30.083 INFO [main] org.apache.catalina.core.ApplicationContext.log ContextListener: attributeAdded('StockTicker', 'async.Stockticker@5990e6c5')
18-Dec-2024 15:41:42.829 INFO [Thread-1] org.apache.catalina.core.ApplicationContext.log SessionListener: contextDestroyed()
18-Dec-2024 15:41:42.830 INFO [Thread-1] org.apache.catalina.core.ApplicationContext.log ContextListener: contextDestroyed()
18-Dec-2024 15:42:46.015 INFO [main] org.apache.catalina.core.ApplicationContext.log ContextListener: contextInitialized()
18-Dec-2024 15:42:46.016 INFO [main] org.apache.catalina.core.ApplicationContext.log SessionListener: contextInitialized()
18-Dec-2024 15:42:46.024 INFO [main] org.apache.catalina.core.ApplicationContext.log ContextListener: attributeAdded('StockTicker', 'async.Stockticker@35d6ca49')
18-Dec-2024 16:37:04.558 INFO [Thread-1] org.apache.catalina.core.ApplicationContext.log SessionListener: contextDestroyed()
18-Dec-2024 16:37:04.559 INFO [Thread-1] org.apache.catalina.core.ApplicationContext.log ContextListener: contextDestroyed()
18-Dec-2024 16:52:14.227 INFO [main] org.apache.catalina.core.ApplicationContext.log ContextListener: contextInitialized()
18-Dec-2024 16:52:14.258 INFO [main] org.apache.catalina.core.ApplicationContext.log SessionListener: contextInitialized()
18-Dec-2024 16:52:14.272 INFO [main] org.apache.catalina.core.ApplicationContext.log ContextListener: attributeAdded('StockTicker', 'async.Stockticker@29cfd92b')
18-Dec-2024 17:07:11.682 INFO [Thread-1] org.apache.catalina.core.ApplicationContext.log SessionListener: contextDestroyed()
18-Dec-2024 17:07:11.682 INFO [Thread-1] org.apache.catalina.core.ApplicationContext.log ContextListener: contextDestroyed()
18-Dec-2024 17:07:24.883 INFO [main] org.apache.catalina.core.ApplicationContext.log ContextListener: contextInitialized()
18-Dec-2024 17:07:24.884 INFO [main] org.apache.catalina.core.ApplicationContext.log SessionListener: contextInitialized()
18-Dec-2024 17:07:24.892 INFO [main] org.apache.catalina.core.ApplicationContext.log ContextListener: attributeAdded('StockTicker', 'async.Stockticker@cdc3aae')
18-Dec-2024 21:38:57.918 INFO [main] org.apache.catalina.core.ApplicationContext.log ContextListener: contextInitialized()
18-Dec-2024 21:38:57.920 INFO [main] org.apache.catalina.core.ApplicationContext.log SessionListener: contextInitialized()
18-Dec-2024 21:38:57.928 INFO [main] org.apache.catalina.core.ApplicationContext.log ContextListener: attributeAdded('StockTicker', 'async.Stockticker@6ea1bcdc')
18-Dec-2024 23:11:51.982 INFO [Thread-1] org.apache.catalina.core.ApplicationContext.log SessionListener: contextDestroyed()
18-Dec-2024 23:11:51.982 INFO [Thread-1] org.apache.catalina.core.ApplicationContext.log ContextListener: contextDestroyed()
18-Dec-2024 23:46:41.044 INFORMAÇÕES [main] org.apache.catalina.core.ApplicationContext.log ContextListener: contextInitialized()
18-Dec-2024 23:46:41.044 INFORMAÇÕES [main] org.apache.catalina.core.ApplicationContext.log SessionListener: contextInitialized()
18-Dec-2024 23:46:41.050 INFORMAÇÕES [main] org.apache.catalina.core.ApplicationContext.log ContextListener: attributeAdded('StockTicker', 'async.Stockticker@4690f583')
18-Dec-2024 23:47:37.880 INFORMAÇÕES [Thread-1] org.apache.catalina.core.ApplicationContext.log SessionListener: contextDestroyed()
18-Dec-2024 23:47:37.880 INFORMAÇÕES [Thread-1] org.apache.catalina.core.ApplicationContext.log ContextListener: contextDestroyed()
18-Dec-2024 23:47:52.600 INFORMAÇÕES [main] org.apache.catalina.core.ApplicationContext.log ContextListener: contextInitialized()
18-Dec-2024 23:47:52.600 INFORMAÇÕES [main] org.apache.catalina.core.ApplicationContext.log SessionListener: contextInitialized()
18-Dec-2024 23:47:52.607 INFORMAÇÕES [main] org.apache.catalina.core.ApplicationContext.log ContextListener: attributeAdded('StockTicker', 'async.Stockticker@30135202')
18-Dec-2024 23:51:44.171 INFORMAÇÕES [Thread-1] org.apache.catalina.core.ApplicationContext.log SessionListener: contextDestroyed()
18-Dec-2024 23:51:44.171 INFORMAÇÕES [Thread-1] org.apache.catalina.core.ApplicationContext.log ContextListener: contextDestroyed()
18-Dec-2024 23:51:59.613 INFORMAÇÕES [main] org.apache.catalina.core.ApplicationContext.log ContextListener: contextInitialized()
18-Dec-2024 23:51:59.614 INFORMAÇÕES [main] org.apache.catalina.core.ApplicationContext.log SessionListener: contextInitialized()
18-Dec-2024 23:51:59.621 INFORMAÇÕES [main] org.apache.catalina.core.ApplicationContext.log ContextListener: attributeAdded('StockTicker', 'async.Stockticker@189b5fb1')
18-Dec-2024 23:52:51.913 INFORMAÇÕES [Thread-1] org.apache.catalina.core.ApplicationContext.log SessionListener: contextDestroyed()
18-Dec-2024 23:52:51.913 INFORMAÇÕES [Thread-1] org.apache.catalina.core.ApplicationContext.log ContextListener: contextDestroyed()
18-Dec-2024 23:54:37.627 INFORMAÇÕES [main] org.apache.catalina.core.ApplicationContext.log ContextListener: contextInitialized()
18-Dec-2024 23:54:37.627 INFORMAÇÕES [main] org.apache.catalina.core.ApplicationContext.log SessionListener: contextInitialized()
18-Dec-2024 23:54:37.634 INFORMAÇÕES [main] org.apache.catalina.core.ApplicationContext.log ContextListener: attributeAdded('StockTicker', 'async.Stockticker@517bd097')
18-Dec-2024 23:57:56.623 INFORMAÇÕES [Thread-1] org.apache.catalina.core.ApplicationContext.log SessionListener: contextDestroyed()
18-Dec-2024 23:57:56.623 INFORMAÇÕES [Thread-1] org.apache.catalina.core.ApplicationContext.log ContextListener: contextDestroyed()
18-Dec-2024 23:58:04.791 INFORMAÇÕES [main] org.apache.catalina.core.ApplicationContext.log ContextListener: contextInitialized()
18-Dec-2024 23:58:04.791 INFORMAÇÕES [main] org.apache.catalina.core.ApplicationContext.log SessionListener: contextInitialized()
18-Dec-2024 23:58:04.799 INFORMAÇÕES [main] org.apache.catalina.core.ApplicationContext.log ContextListener: attributeAdded('StockTicker', 'async.Stockticker@11389053')
18-Dec-2024 23:58:42.032 INFORMAÇÕES [Thread-1] org.apache.catalina.core.ApplicationContext.log SessionListener: contextDestroyed()
18-Dec-2024 23:58:42.032 INFORMAÇÕES [Thread-1] org.apache.catalina.core.ApplicationContext.log ContextListener: contextDestroyed()
18-Dec-2024 23:59:01.034 INFORMAÇÕES [main] org.apache.catalina.core.ApplicationContext.log ContextListener: contextInitialized()
18-Dec-2024 23:59:01.035 INFORMAÇÕES [main] org.apache.catalina.core.ApplicationContext.log SessionListener: contextInitialized()
18-Dec-2024 23:59:01.045 INFORMAÇÕES [main] org.apache.catalina.core.ApplicationContext.log ContextListener: attributeAdded('StockTicker', 'async.Stockticker@2c715e84')
